<?xml version="1.0" encoding="UTF-8"?>
<testsuite xmlns:xsi="http://www.w3.org/2001/XMLSchema-instance" xsi:schemaLocation="https://maven.apache.org/surefire/maven-surefire-plugin/xsd/surefire-test-report.xsd" name="com.esprit.examen.services.StockTest" time="1.376" tests="4" errors="0" skipped="0" failures="0">
  <properties>
[...]
</properties>
  <testcase name="DeleteStockIfExistTest" classname="com.esprit.examen.services.StockTest" time="1.052"/>
  <testcase name="should_throw_exception_when_stock_doesnt_exist" classname="com.esprit.examen.services.StockTest" time="0"/>
  <testcase name="RetrieveAllStockTest" classname="com.esprit.examen.services.StockTest" time="0.005"/>
  <testcase name="AddStockTest" classname="com.esprit.examen.services.StockTest" time="0.13"/>
</testsuite>